#
# There is insufficient memory for the Java Runtime Environment to continue.
# Native memory allocation (mmap) failed to map 65536 bytes for Failed to commit metaspace.
# Possible reasons:
#   The system is out of physical RAM or swap space
#   The process is running with CompressedOops enabled, and the Java Heap may be blocking the growth of the native heap
# Possible solutions:
#   Reduce memory load on the system
#   Increase physical memory or swap space
#   Check if swap backing store is full
#   Decrease Java heap size (-Xmx/-Xms)
#   Decrease number of Java threads
#   Decrease Java thread stack sizes (-Xss)
#   Set larger code cache with -XX:ReservedCodeCacheSize=
#   JVM is running with Unscaled Compressed Oops mode in which the Java heap is
#     placed in the first 4GB address space. The Java Heap base address is the
#     maximum limit for the native heap growth. Please use -XX:HeapBaseMinAddress
#     to set the Java Heap base and to place the Java Heap above 4GB virtual address.
# This output file may be truncated or incomplete.
#
#  Out of Memory Error (virtualSpaceNode.cpp:110), pid=6992, tid=2608
#
# JRE version: OpenJDK Runtime Environment (17.0.7) (build 17.0.7+0-b2043.56-10550314)
# Java VM: OpenJDK 64-Bit Server VM (17.0.7+0-b2043.56-10550314, mixed mode, tiered, compressed oops, compressed class ptrs, g1 gc, windows-amd64)
# No core dump will be written. Minidumps are not enabled by default on client versions of Windows
#

---------------  S U M M A R Y ------------

Command Line: -Dorg.gradle.appname=gradlew org.gradle.wrapper.GradleWrapperMain -q -Ptarget-platform=android-arm64 -Ptarget=E:\SERVER\envymusic\envymusic\lib\main.dart -Pbase-application-name=android.app.Application -Pdart-defines=RkxVVFRFUl9XRUJfQVVUT19ERVRFQ1Q9dHJ1ZQ==,RkxVVFRFUl9XRUJfQ0FOVkFTS0lUX1VSTD1odHRwczovL3d3dy5nc3RhdGljLmNvbS9mbHV0dGVyLWNhbnZhc2tpdC8zZjNlNTYwMjM2NTM5YjdlMjcwMmY1YWM3OTBiMmE0NjkxYjMyZDQ5Lw== -Pdart-obfuscation=false -Ptrack-widget-creation=true -Ptree-shake-icons=false -Pfilesystem-scheme=org-dartlang-root assembleDebug

Host: AMD Ryzen 3 5300U with Radeon Graphics         , 8 cores, 7G,  Windows 11 , 64 bit Build 22621 (10.0.22621.3958)
Time: Fri Sep  6 19:03:20 2024 India Standard Time elapsed time: 12.275727 seconds (0d 0h 0m 12s)

---------------  T H R E A D  ---------------

Current thread (0x000001b6f88d49d0):  JavaThread "main" [_thread_in_vm, id=2608, stack(0x000000601e500000,0x000000601e600000)]

Stack: [0x000000601e500000,0x000000601e600000]
Native frames: (J=compiled Java code, j=interpreted, Vv=VM code, C=native code)
V  [jvm.dll+0x683bfa]
V  [jvm.dll+0x8430a4]
V  [jvm.dll+0x8449be]
V  [jvm.dll+0x845023]
V  [jvm.dll+0x24ad2f]
V  [jvm.dll+0x83e45b]
V  [jvm.dll+0x6281e6]
V  [jvm.dll+0x1c29ee]
V  [jvm.dll+0x62ab31]
V  [jvm.dll+0x628b86]
V  [jvm.dll+0x24801c]
V  [jvm.dll+0x6db01d]
V  [jvm.dll+0x6dba4f]
V  [jvm.dll+0x3770b0]
V  [jvm.dll+0x3760f4]
V  [jvm.dll+0x376098]
V  [jvm.dll+0x38610a]
C  0x000001b68754b5a5

Java frames: (J=compiled Java code, j=interpreted, Vv=VM code)
j  org.gradle.util.internal.GFileUtils.tail(Ljava/io/File;I)Ljava/lang/String;+22
j  org.gradle.launcher.daemon.diagnostics.DaemonDiagnostics.tailDaemonLog()Ljava/lang/String;+6
j  org.gradle.launcher.daemon.diagnostics.DaemonDiagnostics.describe()Ljava/lang/String;+37
j  org.gradle.launcher.daemon.client.DaemonClient.handleDaemonDisappearance(Lorg/gradle/launcher/daemon/protocol/Build;Lorg/gradle/launcher/daemon/diagnostics/DaemonDiagnostics;)Lorg/gradle/launcher/daemon/protocol/Result;+15
j  org.gradle.launcher.daemon.client.DaemonClient.monitorBuild(Lorg/gradle/launcher/daemon/protocol/Build;Lorg/gradle/launcher/daemon/diagnostics/DaemonDiagnostics;Lorg/gradle/internal/remote/internal/Connection;Lorg/gradle/initialization/BuildCancellationToken;Lorg/gradle/initialization/BuildEventConsumer;)Ljava/lang/Object;+111
j  org.gradle.launcher.daemon.client.DaemonClient.executeBuild(Lorg/gradle/launcher/daemon/protocol/Build;Lorg/gradle/launcher/daemon/client/DaemonClientConnection;Lorg/gradle/initialization/BuildCancellationToken;Lorg/gradle/initialization/BuildEventConsumer;)Lorg/gradle/launcher/exec/BuildActionResult;+128
j  org.gradle.launcher.daemon.client.DaemonClient.execute(Lorg/gradle/internal/invocation/BuildAction;Lorg/gradle/launcher/exec/BuildActionParameters;Lorg/gradle/initialization/BuildRequestContext;)Lorg/gradle/launcher/exec/BuildActionResult;+272
j  org.gradle.launcher.daemon.client.DaemonClient.execute(Lorg/gradle/internal/invocation/BuildAction;Ljava/lang/Object;Ljava/lang/Object;)Lorg/gradle/launcher/exec/BuildActionResult;+10
j  org.gradle.launcher.cli.RunBuildAction.run()V+74
j  org.gradle.internal.Actions$RunnableActionAdapter.execute(Ljava/lang/Object;)V+4
j  org.gradle.launcher.cli.DefaultCommandLineActionFactory$ParseAndBuildAction.execute(Lorg/gradle/launcher/bootstrap/ExecutionListener;)V+124
j  org.gradle.launcher.cli.DefaultCommandLineActionFactory$ParseAndBuildAction.execute(Ljava/lang/Object;)V+5
j  org.gradle.launcher.cli.DebugLoggerWarningAction.execute(Lorg/gradle/launcher/bootstrap/ExecutionListener;)V+9
j  org.gradle.launcher.cli.DebugLoggerWarningAction.execute(Ljava/lang/Object;)V+5
j  org.gradle.launcher.cli.WelcomeMessageAction.execute(Lorg/gradle/launcher/bootstrap/ExecutionListener;)V+211
j  org.gradle.launcher.cli.WelcomeMessageAction.execute(Ljava/lang/Object;)V+5
j  org.gradle.launcher.cli.NativeServicesInitializingAction.execute(Lorg/gradle/launcher/bootstrap/ExecutionListener;)V+35
j  org.gradle.launcher.cli.NativeServicesInitializingAction.execute(Ljava/lang/Object;)V+5
j  org.gradle.launcher.cli.ExceptionReportingAction.execute(Lorg/gradle/launcher/bootstrap/ExecutionListener;)V+5
j  org.gradle.launcher.cli.ExceptionReportingAction.execute(Ljava/lang/Object;)V+5
j  org.gradle.launcher.cli.DefaultCommandLineActionFactory$WithLogging.execute(Lorg/gradle/launcher/bootstrap/ExecutionListener;)V+257
j  org.gradle.launcher.Main.doAction([Ljava/lang/String;Lorg/gradle/launcher/bootstrap/ExecutionListener;)V+14
j  org.gradle.launcher.bootstrap.EntryPoint.run([Ljava/lang/String;)V+12
v  ~StubRoutines::call_stub
j  jdk.internal.reflect.NativeMethodAccessorImpl.invoke0(Ljava/lang/reflect/Method;Ljava/lang/Object;[Ljava/lang/Object;)Ljava/lang/Object;+0 java.base@17.0.7
j  jdk.internal.reflect.NativeMethodAccessorImpl.invoke(Ljava/lang/Object;[Ljava/lang/Object;)Ljava/lang/Object;+133 java.base@17.0.7
j  jdk.internal.reflect.DelegatingMethodAccessorImpl.invoke(Ljava/lang/Object;[Ljava/lang/Object;)Ljava/lang/Object;+6 java.base@17.0.7
j  java.lang.reflect.Method.invoke(Ljava/lang/Object;[Ljava/lang/Object;)Ljava/lang/Object;+59 java.base@17.0.7
j  org.gradle.launcher.bootstrap.ProcessBootstrap.runNoExit(Ljava/lang/String;[Ljava/lang/String;)V+161
j  org.gradle.launcher.bootstrap.ProcessBootstrap.run(Ljava/lang/String;[Ljava/lang/String;)V+3
j  org.gradle.launcher.GradleMain.main([Ljava/lang/String;)V+36
v  ~StubRoutines::call_stub
j  jdk.internal.reflect.NativeMethodAccessorImpl.invoke0(Ljava/lang/reflect/Method;Ljava/lang/Object;[Ljava/lang/Object;)Ljava/lang/Object;+0 java.base@17.0.7
j  jdk.internal.reflect.NativeMethodAccessorImpl.invoke(Ljava/lang/Object;[Ljava/lang/Object;)Ljava/lang/Object;+133 java.base@17.0.7
j  jdk.internal.reflect.DelegatingMethodAccessorImpl.invoke(Ljava/lang/Object;[Ljava/lang/Object;)Ljava/lang/Object;+6 java.base@17.0.7
j  java.lang.reflect.Method.invoke(Ljava/lang/Object;[Ljava/lang/Object;)Ljava/lang/Object;+59 java.base@17.0.7
j  org.gradle.wrapper.BootstrapMainStarter.start([Ljava/lang/String;Ljava/io/File;)V+82
j  org.gradle.wrapper.WrapperExecutor.execute([Ljava/lang/String;Lorg/gradle/wrapper/Install;Lorg/gradle/wrapper/BootstrapMainStarter;)V+14
j  org.gradle.wrapper.GradleWrapperMain.main([Ljava/lang/String;)V+190
v  ~StubRoutines::call_stub

---------------  P R O C E S S  ---------------

Threads class SMR info:
_java_thread_list=0x000001b6981ef350, length=15, elements={
0x000001b6f88d49d0, 0x000001b697017270, 0x000001b697017ee0, 0x000001b6ff392a00,
0x000001b6970433e0, 0x000001b697043d90, 0x000001b697044740, 0x000001b6970454d0,
0x000001b697045f70, 0x000001b69705e530, 0x000001b6971aa9a0, 0x000001b6971a98a0,
0x000001b6979dd850, 0x000001b697ce74d0, 0x000001b697bf7530
}

Java Threads: ( => current thread )
=>0x000001b6f88d49d0 JavaThread "main" [_thread_in_vm, id=2608, stack(0x000000601e500000,0x000000601e600000)]
  0x000001b697017270 JavaThread "Reference Handler" daemon [_thread_blocked, id=5912, stack(0x000000601ec00000,0x000000601ed00000)]
  0x000001b697017ee0 JavaThread "Finalizer" daemon [_thread_blocked, id=8800, stack(0x000000601ed00000,0x000000601ee00000)]
  0x000001b6ff392a00 JavaThread "Signal Dispatcher" daemon [_thread_blocked, id=13204, stack(0x000000601ef00000,0x000000601f000000)]
  0x000001b6970433e0 JavaThread "Attach Listener" daemon [_thread_blocked, id=12236, stack(0x000000601f000000,0x000000601f100000)]
  0x000001b697043d90 JavaThread "Service Thread" daemon [_thread_blocked, id=10256, stack(0x000000601f100000,0x000000601f200000)]
  0x000001b697044740 JavaThread "Monitor Deflation Thread" daemon [_thread_blocked, id=1144, stack(0x000000601f200000,0x000000601f300000)]
  0x000001b6970454d0 JavaThread "C2 CompilerThread0" daemon [_thread_blocked, id=7448, stack(0x000000601f300000,0x000000601f400000)]
  0x000001b697045f70 JavaThread "C1 CompilerThread0" daemon [_thread_blocked, id=6036, stack(0x000000601f400000,0x000000601f500000)]
  0x000001b69705e530 JavaThread "Sweeper thread" daemon [_thread_blocked, id=15124, stack(0x000000601f500000,0x000000601f600000)]
  0x000001b6971aa9a0 JavaThread "Notification Thread" daemon [_thread_blocked, id=3248, stack(0x000000601f600000,0x000000601f700000)]
  0x000001b6971a98a0 JavaThread "Common-Cleaner" daemon [_thread_blocked, id=7568, stack(0x000000601f800000,0x000000601f900000)]
  0x000001b6979dd850 JavaThread "pool-1-thread-1" [_thread_blocked, id=12396, stack(0x000000601f900000,0x000000601fa00000)]
  0x000001b697ce74d0 JavaThread "DisconnectableInputStream source reader" daemon [_thread_in_native, id=12844, stack(0x000000601ff00000,0x0000006020000000)]
  0x000001b697bf7530 JavaThread "Forward input" [_thread_blocked, id=12776, stack(0x0000006020000000,0x0000006020100000)]

Other Threads:
  0x000001b6ff327530 VMThread "VM Thread" [stack: 0x000000601eb00000,0x000000601ec00000] [id=7212] _threads_hazard_ptr=0x000001b6981ef350
  0x000001b6971a9610 WatcherThread [stack: 0x000000601f700000,0x000000601f800000] [id=1120]
  0x000001b6f8928190 GCTaskThread "GC Thread#0" [stack: 0x000000601e600000,0x000000601e700000] [id=9008]
  0x000001b6979ddd20 GCTaskThread "GC Thread#1" [stack: 0x000000601fa00000,0x000000601fb00000] [id=14504]
  0x000001b6979ddfd0 GCTaskThread "GC Thread#2" [stack: 0x000000601fb00000,0x000000601fc00000] [id=3816]
  0x000001b6979de280 GCTaskThread "GC Thread#3" [stack: 0x000000601fc00000,0x000000601fd00000] [id=15052]
  0x000001b6979b4490 GCTaskThread "GC Thread#4" [stack: 0x000000601fd00000,0x000000601fe00000] [id=14792]
  0x000001b6f893aa70 ConcurrentGCThread "G1 Main Marker" [stack: 0x000000601e700000,0x000000601e800000] [id=9268]
  0x000001b6f893b380 ConcurrentGCThread "G1 Conc#0" [stack: 0x000000601e800000,0x000000601e900000] [id=10664]
  0x000001b6f897d4c0 ConcurrentGCThread "G1 Refine#0" [stack: 0x000000601e900000,0x000000601ea00000] [id=312]
  0x000001b6f897dde0 ConcurrentGCThread "G1 Service" [stack: 0x000000601ea00000,0x000000601eb00000] [id=13244]

Threads with active compile tasks:

VM state: synchronizing (normal execution)

VM Mutex/Monitor currently owned by a thread:  ([mutex/lock_event])
[0x000001b6f88d2a10] Metaspace_lock - owner thread: 0x000001b6f88d49d0
[0x000001b6f88d2f20] Threads_lock - owner thread: 0x000001b6ff327530

Heap address: 0x000000008ac00000, size: 1876 MB, Compressed Oops mode: 32-bit

CDS archive(s) not mapped
Compressed class space mapped at: 0x0000000100000000-0x0000000140000000, reserved size: 1073741824
Narrow klass base: 0x0000000000000000, Narrow klass shift: 3, Narrow klass range: 0x140000000

GC Precious Log:
 CPUs: 8 total, 8 available
 Memory: 7502M
 Large Page Support: Disabled
 NUMA Support: Disabled
 Compressed Oops: Enabled (32-bit)
 Heap Region Size: 1M
 Heap Min Capacity: 8M
 Heap Initial Capacity: 118M
 Heap Max Capacity: 1876M
 Pre-touch: Disabled
 Parallel Workers: 8
 Concurrent Workers: 2
 Concurrent Refinement Workers: 8
 Periodic GC: Disabled

Heap:
 garbage-first heap   total 120832K, used 28527K [0x000000008ac00000, 0x0000000100000000)
  region size 1024K, 23 young (23552K), 3 survivors (3072K)
 Metaspace       used 17795K, committed 17984K, reserved 1114112K
  class space    used 2039K, committed 2176K, reserved 1048576K

Heap Regions: E=young(eden), S=young(survivor), O=old, HS=humongous(starts), HC=humongous(continues), CS=collection set, F=free, OA=open archive, CA=closed archive, TAMS=top-at-mark-start (previous, next)
|   0|0x000000008ac00000, 0x000000008ac00000, 0x000000008ad00000|  0%| F|  |TAMS 0x000000008ac00000, 0x000000008ac00000| Untracked 
|   1|0x000000008ad00000, 0x000000008ad00000, 0x000000008ae00000|  0%| F|  |TAMS 0x000000008ad00000, 0x000000008ad00000| Untracked 
|   2|0x000000008ae00000, 0x000000008ae00000, 0x000000008af00000|  0%| F|  |TAMS 0x000000008ae00000, 0x000000008ae00000| Untracked 
|   3|0x000000008af00000, 0x000000008b000000, 0x000000008b000000|100%|HS|  |TAMS 0x000000008af00000, 0x000000008af00000| Complete 
|   4|0x000000008b000000, 0x000000008b100000, 0x000000008b100000|100%|HC|  |TAMS 0x000000008b000000, 0x000000008b000000| Complete 
|   5|0x000000008b100000, 0x000000008b200000, 0x000000008b200000|100%|HC|  |TAMS 0x000000008b100000, 0x000000008b100000| Complete 
|   6|0x000000008b200000, 0x000000008b300000, 0x000000008b300000|100%| O|  |TAMS 0x000000008b200000, 0x000000008b200000| Untracked 
|   7|0x000000008b300000, 0x000000008b400000, 0x000000008b400000|100%| O|  |TAMS 0x000000008b300000, 0x000000008b300000| Untracked 
|   8|0x000000008b400000, 0x000000008b4dbe00, 0x000000008b500000| 85%| O|  |TAMS 0x000000008b400000, 0x000000008b400000| Untracked 
|   9|0x000000008b500000, 0x000000008b500000, 0x000000008b600000|  0%| F|  |TAMS 0x000000008b500000, 0x000000008b500000| Untracked 
|  10|0x000000008b600000, 0x000000008b600000, 0x000000008b700000|  0%| F|  |TAMS 0x000000008b600000, 0x000000008b600000| Untracked 
|  11|0x000000008b700000, 0x000000008b700000, 0x000000008b800000|  0%| F|  |TAMS 0x000000008b700000, 0x000000008b700000| Untracked 
|  12|0x000000008b800000, 0x000000008b800000, 0x000000008b900000|  0%| F|  |TAMS 0x000000008b800000, 0x000000008b800000| Untracked 
|  13|0x000000008b900000, 0x000000008b900000, 0x000000008ba00000|  0%| F|  |TAMS 0x000000008b900000, 0x000000008b900000| Untracked 
|  14|0x000000008ba00000, 0x000000008ba00000, 0x000000008bb00000|  0%| F|  |TAMS 0x000000008ba00000, 0x000000008ba00000| Untracked 
|  15|0x000000008bb00000, 0x000000008bb00000, 0x000000008bc00000|  0%| F|  |TAMS 0x000000008bb00000, 0x000000008bb00000| Untracked 
|  16|0x000000008bc00000, 0x000000008bc00000, 0x000000008bd00000|  0%| F|  |TAMS 0x000000008bc00000, 0x000000008bc00000| Untracked 
|  17|0x000000008bd00000, 0x000000008bd00000, 0x000000008be00000|  0%| F|  |TAMS 0x000000008bd00000, 0x000000008bd00000| Untracked 
|  18|0x000000008be00000, 0x000000008be00000, 0x000000008bf00000|  0%| F|  |TAMS 0x000000008be00000, 0x000000008be00000| Untracked 
|  19|0x000000008bf00000, 0x000000008bf00000, 0x000000008c000000|  0%| F|  |TAMS 0x000000008bf00000, 0x000000008bf00000| Untracked 
|  20|0x000000008c000000, 0x000000008c000000, 0x000000008c100000|  0%| F|  |TAMS 0x000000008c000000, 0x000000008c000000| Untracked 
|  21|0x000000008c100000, 0x000000008c100000, 0x000000008c200000|  0%| F|  |TAMS 0x000000008c100000, 0x000000008c100000| Untracked 
|  22|0x000000008c200000, 0x000000008c200000, 0x000000008c300000|  0%| F|  |TAMS 0x000000008c200000, 0x000000008c200000| Untracked 
|  23|0x000000008c300000, 0x000000008c300000, 0x000000008c400000|  0%| F|  |TAMS 0x000000008c300000, 0x000000008c300000| Untracked 
|  24|0x000000008c400000, 0x000000008c400000, 0x000000008c500000|  0%| F|  |TAMS 0x000000008c400000, 0x000000008c400000| Untracked 
|  25|0x000000008c500000, 0x000000008c500000, 0x000000008c600000|  0%| F|  |TAMS 0x000000008c500000, 0x000000008c500000| Untracked 
|  26|0x000000008c600000, 0x000000008c600000, 0x000000008c700000|  0%| F|  |TAMS 0x000000008c600000, 0x000000008c600000| Untracked 
|  27|0x000000008c700000, 0x000000008c700000, 0x000000008c800000|  0%| F|  |TAMS 0x000000008c700000, 0x000000008c700000| Untracked 
|  28|0x000000008c800000, 0x000000008c800000, 0x000000008c900000|  0%| F|  |TAMS 0x000000008c800000, 0x000000008c800000| Untracked 
|  29|0x000000008c900000, 0x000000008c900000, 0x000000008ca00000|  0%| F|  |TAMS 0x000000008c900000, 0x000000008c900000| Untracked 
|  30|0x000000008ca00000, 0x000000008ca00000, 0x000000008cb00000|  0%| F|  |TAMS 0x000000008ca00000, 0x000000008ca00000| Untracked 
|  31|0x000000008cb00000, 0x000000008cb00000, 0x000000008cc00000|  0%| F|  |TAMS 0x000000008cb00000, 0x000000008cb00000| Untracked 
|  32|0x000000008cc00000, 0x000000008cc00000, 0x000000008cd00000|  0%| F|  |TAMS 0x000000008cc00000, 0x000000008cc00000| Untracked 
|  33|0x000000008cd00000, 0x000000008cd00000, 0x000000008ce00000|  0%| F|  |TAMS 0x000000008cd00000, 0x000000008cd00000| Untracked 
|  34|0x000000008ce00000, 0x000000008ce00000, 0x000000008cf00000|  0%| F|  |TAMS 0x000000008ce00000, 0x000000008ce00000| Untracked 
|  35|0x000000008cf00000, 0x000000008cf00000, 0x000000008d000000|  0%| F|  |TAMS 0x000000008cf00000, 0x000000008cf00000| Untracked 
|  36|0x000000008d000000, 0x000000008d000000, 0x000000008d100000|  0%| F|  |TAMS 0x000000008d000000, 0x000000008d000000| Untracked 
|  37|0x000000008d100000, 0x000000008d100000, 0x000000008d200000|  0%| F|  |TAMS 0x000000008d100000, 0x000000008d100000| Untracked 
|  38|0x000000008d200000, 0x000000008d200000, 0x000000008d300000|  0%| F|  |TAMS 0x000000008d200000, 0x000000008d200000| Untracked 
|  39|0x000000008d300000, 0x000000008d300000, 0x000000008d400000|  0%| F|  |TAMS 0x000000008d300000, 0x000000008d300000| Untracked 
|  40|0x000000008d400000, 0x000000008d400000, 0x000000008d500000|  0%| F|  |TAMS 0x000000008d400000, 0x000000008d400000| Untracked 
|  41|0x000000008d500000, 0x000000008d500000, 0x000000008d600000|  0%| F|  |TAMS 0x000000008d500000, 0x000000008d500000| Untracked 
|  42|0x000000008d600000, 0x000000008d600000, 0x000000008d700000|  0%| F|  |TAMS 0x000000008d600000, 0x000000008d600000| Untracked 
|  43|0x000000008d700000, 0x000000008d700000, 0x000000008d800000|  0%| F|  |TAMS 0x000000008d700000, 0x000000008d700000| Untracked 
|  44|0x000000008d800000, 0x000000008d800000, 0x000000008d900000|  0%| F|  |TAMS 0x000000008d800000, 0x000000008d800000| Untracked 
|  45|0x000000008d900000, 0x000000008d900000, 0x000000008da00000|  0%| F|  |TAMS 0x000000008d900000, 0x000000008d900000| Untracked 
|  46|0x000000008da00000, 0x000000008da00000, 0x000000008db00000|  0%| F|  |TAMS 0x000000008da00000, 0x000000008da00000| Untracked 
|  47|0x000000008db00000, 0x000000008db00000, 0x000000008dc00000|  0%| F|  |TAMS 0x000000008db00000, 0x000000008db00000| Untracked 
|  48|0x000000008dc00000, 0x000000008dc00000, 0x000000008dd00000|  0%| F|  |TAMS 0x000000008dc00000, 0x000000008dc00000| Untracked 
|  49|0x000000008dd00000, 0x000000008dd00000, 0x000000008de00000|  0%| F|  |TAMS 0x000000008dd00000, 0x000000008dd00000| Untracked 
|  50|0x000000008de00000, 0x000000008de00000, 0x000000008df00000|  0%| F|  |TAMS 0x000000008de00000, 0x000000008de00000| Untracked 
|  51|0x000000008df00000, 0x000000008df00000, 0x000000008e000000|  0%| F|  |TAMS 0x000000008df00000, 0x000000008df00000| Untracked 
|  52|0x000000008e000000, 0x000000008e000000, 0x000000008e100000|  0%| F|  |TAMS 0x000000008e000000, 0x000000008e000000| Untracked 
|  53|0x000000008e100000, 0x000000008e100000, 0x000000008e200000|  0%| F|  |TAMS 0x000000008e100000, 0x000000008e100000| Untracked 
|  54|0x000000008e200000, 0x000000008e200000, 0x000000008e300000|  0%| F|  |TAMS 0x000000008e200000, 0x000000008e200000| Untracked 
|  55|0x000000008e300000, 0x000000008e300000, 0x000000008e400000|  0%| F|  |TAMS 0x000000008e300000, 0x000000008e300000| Untracked 
|  56|0x000000008e400000, 0x000000008e400000, 0x000000008e500000|  0%| F|  |TAMS 0x000000008e400000, 0x000000008e400000| Untracked 
|  57|0x000000008e500000, 0x000000008e500000, 0x000000008e600000|  0%| F|  |TAMS 0x000000008e500000, 0x000000008e500000| Untracked 
|  58|0x000000008e600000, 0x000000008e600000, 0x000000008e700000|  0%| F|  |TAMS 0x000000008e600000, 0x000000008e600000| Untracked 
|  59|0x000000008e700000, 0x000000008e700000, 0x000000008e800000|  0%| F|  |TAMS 0x000000008e700000, 0x000000008e700000| Untracked 
|  60|0x000000008e800000, 0x000000008e800000, 0x000000008e900000|  0%| F|  |TAMS 0x000000008e800000, 0x000000008e800000| Untracked 
|  61|0x000000008e900000, 0x000000008e900000, 0x000000008ea00000|  0%| F|  |TAMS 0x000000008e900000, 0x000000008e900000| Untracked 
|  62|0x000000008ea00000, 0x000000008ea00000, 0x000000008eb00000|  0%| F|  |TAMS 0x000000008ea00000, 0x000000008ea00000| Untracked 
|  63|0x000000008eb00000, 0x000000008eb00000, 0x000000008ec00000|  0%| F|  |TAMS 0x000000008eb00000, 0x000000008eb00000| Untracked 
|  64|0x000000008ec00000, 0x000000008ec00000, 0x000000008ed00000|  0%| F|  |TAMS 0x000000008ec00000, 0x000000008ec00000| Untracked 
|  65|0x000000008ed00000, 0x000000008ed00000, 0x000000008ee00000|  0%| F|  |TAMS 0x000000008ed00000, 0x000000008ed00000| Untracked 
|  66|0x000000008ee00000, 0x000000008ee00000, 0x000000008ef00000|  0%| F|  |TAMS 0x000000008ee00000, 0x000000008ee00000| Untracked 
|  67|0x000000008ef00000, 0x000000008ef00000, 0x000000008f000000|  0%| F|  |TAMS 0x000000008ef00000, 0x000000008ef00000| Untracked 
|  68|0x000000008f000000, 0x000000008f000000, 0x000000008f100000|  0%| F|  |TAMS 0x000000008f000000, 0x000000008f000000| Untracked 
|  69|0x000000008f100000, 0x000000008f100000, 0x000000008f200000|  0%| F|  |TAMS 0x000000008f100000, 0x000000008f100000| Untracked 
|  70|0x000000008f200000, 0x000000008f200000, 0x000000008f300000|  0%| F|  |TAMS 0x000000008f200000, 0x000000008f200000| Untracked 
|  71|0x000000008f300000, 0x000000008f300000, 0x000000008f400000|  0%| F|  |TAMS 0x000000008f300000, 0x000000008f300000| Untracked 
|  72|0x000000008f400000, 0x000000008f400000, 0x000000008f500000|  0%| F|  |TAMS 0x000000008f400000, 0x000000008f400000| Untracked 
|  73|0x000000008f500000, 0x000000008f500000, 0x000000008f600000|  0%| F|  |TAMS 0x000000008f500000, 0x000000008f500000| Untracked 
|  74|0x000000008f600000, 0x000000008f600000, 0x000000008f700000|  0%| F|  |TAMS 0x000000008f600000, 0x000000008f600000| Untracked 
|  75|0x000000008f700000, 0x000000008f700000, 0x000000008f800000|  0%| F|  |TAMS 0x000000008f700000, 0x000000008f700000| Untracked 
|  76|0x000000008f800000, 0x000000008f800000, 0x000000008f900000|  0%| F|  |TAMS 0x000000008f800000, 0x000000008f800000| Untracked 
|  77|0x000000008f900000, 0x000000008f900000, 0x000000008fa00000|  0%| F|  |TAMS 0x000000008f900000, 0x000000008f900000| Untracked 
|  78|0x000000008fa00000, 0x000000008fa00000, 0x000000008fb00000|  0%| F|  |TAMS 0x000000008fa00000, 0x000000008fa00000| Untracked 
|  79|0x000000008fb00000, 0x000000008fb00000, 0x000000008fc00000|  0%| F|  |TAMS 0x000000008fb00000, 0x000000008fb00000| Untracked 
|  80|0x000000008fc00000, 0x000000008fc00000, 0x000000008fd00000|  0%| F|  |TAMS 0x000000008fc00000, 0x000000008fc00000| Untracked 
|  81|0x000000008fd00000, 0x000000008fd00000, 0x000000008fe00000|  0%| F|  |TAMS 0x000000008fd00000, 0x000000008fd00000| Untracked 
|  82|0x000000008fe00000, 0x000000008fe00000, 0x000000008ff00000|  0%| F|  |TAMS 0x000000008fe00000, 0x000000008fe00000| Untracked 
|  83|0x000000008ff00000, 0x000000008ff00000, 0x0000000090000000|  0%| F|  |TAMS 0x000000008ff00000, 0x000000008ff00000| Untracked 
|  84|0x0000000090000000, 0x0000000090000000, 0x0000000090100000|  0%| F|  |TAMS 0x0000000090000000, 0x0000000090000000| Untracked 
|  85|0x0000000090100000, 0x0000000090100000, 0x0000000090200000|  0%| F|  |TAMS 0x0000000090100000, 0x0000000090100000| Untracked 
|  86|0x0000000090200000, 0x0000000090200000, 0x0000000090300000|  0%| F|  |TAMS 0x0000000090200000, 0x0000000090200000| Untracked 
|  87|0x0000000090300000, 0x0000000090300000, 0x0000000090400000|  0%| F|  |TAMS 0x0000000090300000, 0x0000000090300000| Untracked 
|  88|0x0000000090400000, 0x0000000090400000, 0x0000000090500000|  0%| F|  |TAMS 0x0000000090400000, 0x0000000090400000| Untracked 
|  89|0x0000000090500000, 0x0000000090500000, 0x0000000090600000|  0%| F|  |TAMS 0x0000000090500000, 0x0000000090500000| Untracked 
|  90|0x0000000090600000, 0x0000000090600000, 0x0000000090700000|  0%| F|  |TAMS 0x0000000090600000, 0x0000000090600000| Untracked 
|  91|0x0000000090700000, 0x0000000090700000, 0x0000000090800000|  0%| F|  |TAMS 0x0000000090700000, 0x0000000090700000| Untracked 
|  92|0x0000000090800000, 0x0000000090900000, 0x0000000090900000|100%| S|CS|TAMS 0x0000000090800000, 0x0000000090800000| Complete 
|  93|0x0000000090900000, 0x0000000090a00000, 0x0000000090a00000|100%| S|CS|TAMS 0x0000000090900000, 0x0000000090900000| Complete 
|  94|0x0000000090a00000, 0x0000000090b00000, 0x0000000090b00000|100%| S|CS|TAMS 0x0000000090a00000, 0x0000000090a00000| Complete 
|  95|0x0000000090b00000, 0x0000000090b00000, 0x0000000090c00000|  0%| F|  |TAMS 0x0000000090b00000, 0x0000000090b00000| Untracked 
|  96|0x0000000090c00000, 0x0000000090c00000, 0x0000000090d00000|  0%| F|  |TAMS 0x0000000090c00000, 0x0000000090c00000| Untracked 
|  97|0x0000000090d00000, 0x0000000090d00000, 0x0000000090e00000|  0%| F|  |TAMS 0x0000000090d00000, 0x0000000090d00000| Untracked 
|  98|0x0000000090e00000, 0x0000000090e2ee08, 0x0000000090f00000| 18%| E|  |TAMS 0x0000000090e00000, 0x0000000090e00000| Complete 
|  99|0x0000000090f00000, 0x0000000091000000, 0x0000000091000000|100%| E|CS|TAMS 0x0000000090f00000, 0x0000000090f00000| Complete 
| 100|0x0000000091000000, 0x0000000091100000, 0x0000000091100000|100%| E|CS|TAMS 0x0000000091000000, 0x0000000091000000| Complete 
| 101|0x0000000091100000, 0x0000000091200000, 0x0000000091200000|100%| E|CS|TAMS 0x0000000091100000, 0x0000000091100000| Complete 
| 102|0x0000000091200000, 0x0000000091300000, 0x0000000091300000|100%| E|CS|TAMS 0x0000000091200000, 0x0000000091200000| Complete 
| 103|0x0000000091300000, 0x0000000091400000, 0x0000000091400000|100%| E|CS|TAMS 0x0000000091300000, 0x0000000091300000| Complete 
| 104|0x0000000091400000, 0x0000000091500000, 0x0000000091500000|100%| E|CS|TAMS 0x0000000091400000, 0x0000000091400000| Complete 
| 105|0x0000000091500000, 0x0000000091600000, 0x0000000091600000|100%| E|CS|TAMS 0x0000000091500000, 0x0000000091500000| Complete 
| 106|0x0000000091600000, 0x0000000091700000, 0x0000000091700000|100%| E|CS|TAMS 0x0000000091600000, 0x0000000091600000| Complete 
| 107|0x0000000091700000, 0x0000000091800000, 0x0000000091800000|100%| E|CS|TAMS 0x0000000091700000, 0x0000000091700000| Complete 
| 108|0x0000000091800000, 0x0000000091900000, 0x0000000091900000|100%| E|CS|TAMS 0x0000000091800000, 0x0000000091800000| Complete 
| 109|0x0000000091900000, 0x0000000091a00000, 0x0000000091a00000|100%| E|CS|TAMS 0x0000000091900000, 0x0000000091900000| Complete 
| 110|0x0000000091a00000, 0x0000000091b00000, 0x0000000091b00000|100%| E|CS|TAMS 0x0000000091a00000, 0x0000000091a00000| Complete 
| 111|0x0000000091b00000, 0x0000000091c00000, 0x0000000091c00000|100%| E|CS|TAMS 0x0000000091b00000, 0x0000000091b00000| Complete 
| 112|0x0000000091c00000, 0x0000000091d00000, 0x0000000091d00000|100%| E|CS|TAMS 0x0000000091c00000, 0x0000000091c00000| Complete 
| 113|0x0000000091d00000, 0x0000000091e00000, 0x0000000091e00000|100%| E|CS|TAMS 0x0000000091d00000, 0x0000000091d00000| Complete 
| 114|0x0000000091e00000, 0x0000000091f00000, 0x0000000091f00000|100%| E|CS|TAMS 0x0000000091e00000, 0x0000000091e00000| Complete 
| 115|0x0000000091f00000, 0x0000000092000000, 0x0000000092000000|100%| E|CS|TAMS 0x0000000091f00000, 0x0000000091f00000| Complete 
| 116|0x0000000092000000, 0x0000000092100000, 0x0000000092100000|100%| E|CS|TAMS 0x0000000092000000, 0x0000000092000000| Complete 
| 117|0x0000000092100000, 0x0000000092200000, 0x0000000092200000|100%| E|CS|TAMS 0x0000000092100000, 0x0000000092100000| Complete 

Card table byte_map: [0x000001b6fc470000,0x000001b6fc820000] _byte_map_base: 0x000001b6fc01a000

Marking Bits (Prev, Next): (CMBitMap*) 0x000001b6f892a6b0, (CMBitMap*) 0x000001b6f892a6f0
 Prev Bits: [0x000001b6fcbd0000, 0x000001b6fe920000)
 Next Bits: [0x000001b68f000000, 0x000001b690d50000)

Polling page: 0x000001b6f6880000

Metaspace:

Usage:
  Non-class:     15.39 MB used.
      Class:      1.99 MB used.
       Both:     17.38 MB used.

Virtual space:
  Non-class space:       64.00 MB reserved,      15.44 MB ( 24%) committed,  1 nodes.
      Class space:        1.00 GB reserved,       2.12 MB ( <1%) committed,  1 nodes.
             Both:        1.06 GB reserved,      17.56 MB (  2%) committed. 

Chunk freelists:
   Non-Class:  432.00 KB
       Class:  13.74 MB
        Both:  14.16 MB

MaxMetaspaceSize: unlimited
CompressedClassSpaceSize: 1.00 GB
Initial GC threshold: 21.00 MB
Current GC threshold: 21.00 MB
CDS: off
MetaspaceReclaimPolicy: balanced
 - commit_granule_bytes: 65536.
 - commit_granule_words: 8192.
 - virtual_space_node_default_size: 8388608.
 - enlarge_chunks_in_place: 1.
 - new_chunks_are_fully_committed: 0.
 - uncommit_free_chunks: 1.
 - use_allocation_guard: 0.
 - handle_deallocations: 1.


Internal statistics:

num_allocs_failed_limit: 0.
num_arena_births: 86.
num_arena_deaths: 0.
num_vsnodes_births: 2.
num_vsnodes_deaths: 0.
num_space_committed: 281.
num_space_uncommitted: 0.
num_chunks_returned_to_freelist: 0.
num_chunks_taken_from_freelist: 330.
num_chunk_merges: 0.
num_chunk_splits: 213.
num_chunks_enlarged: 178.
num_inconsistent_stats: 0.

CodeHeap 'non-profiled nmethods': size=120000Kb used=520Kb max_used=520Kb free=119479Kb
 bounds [0x000001b687ad0000, 0x000001b687d40000, 0x000001b68f000000]
CodeHeap 'profiled nmethods': size=120000Kb used=2673Kb max_used=2673Kb free=117326Kb
 bounds [0x000001b680000000, 0x000001b6802a0000, 0x000001b687530000]
CodeHeap 'non-nmethods': size=5760Kb used=1176Kb max_used=1191Kb free=4583Kb
 bounds [0x000001b687530000, 0x000001b6877a0000, 0x000001b687ad0000]
 total_blobs=1866 nmethods=1391 adapters=388
 compilation: enabled
              stopped_count=0, restarted_count=0
 full_count=0

Compilation events (20 events):
Event: 7.314 Thread 0x000001b697045f70 1384       3       com.esotericsoftware.kryo.io.Output::writeString (125 bytes)
Event: 7.315 Thread 0x000001b697045f70 nmethod 1384 0x000001b680296e90 code [0x000001b6802970a0, 0x000001b6802976f8]
Event: 7.315 Thread 0x000001b697045f70 1385       3       com.esotericsoftware.kryo.io.Output::require (209 bytes)
Event: 7.316 Thread 0x000001b697045f70 nmethod 1385 0x000001b680297910 code [0x000001b680297be0, 0x000001b680298618]
Event: 7.316 Thread 0x000001b697045f70 1386       3       org.gradle.internal.serialize.kryo.KryoBackedEncoder::writeString (23 bytes)
Event: 7.316 Thread 0x000001b697045f70 nmethod 1386 0x000001b680298a10 code [0x000001b680298bc0, 0x000001b680298e18]
Event: 7.316 Thread 0x000001b697045f70 1387       3       com.esotericsoftware.kryo.io.Output::writeUtf8Length (405 bytes)
Event: 7.317 Thread 0x000001b697045f70 nmethod 1387 0x000001b680298f10 code [0x000001b680299140, 0x000001b6802998e8]
Event: 7.371 Thread 0x000001b697045f70 1388       3       java.util.concurrent.locks.ReentrantLock$Sync::tryRelease (51 bytes)
Event: 7.371 Thread 0x000001b697045f70 nmethod 1388 0x000001b680299c90 code [0x000001b680299e40, 0x000001b68029a188]
Event: 10.082 Thread 0x000001b697045f70 1389       3       java.util.concurrent.locks.ReentrantLock$NonfairSync::initialTryLock (58 bytes)
Event: 10.083 Thread 0x000001b697045f70 nmethod 1389 0x000001b68029a290 code [0x000001b68029a460, 0x000001b68029a878]
Event: 10.171 Thread 0x000001b697045f70 1390       3       java.util.concurrent.locks.ReentrantLock::unlock (10 bytes)
Event: 10.172 Thread 0x000001b697045f70 nmethod 1390 0x000001b68029a990 code [0x000001b68029ab60, 0x000001b68029ae38]
Event: 10.266 Thread 0x000001b697045f70 1391       3       java.util.concurrent.ThreadPoolExecutor::isShutdown (12 bytes)
Event: 10.266 Thread 0x000001b697045f70 nmethod 1391 0x000001b68029af90 code [0x000001b68029b140, 0x000001b68029b338]
Event: 10.266 Thread 0x000001b697045f70 1392       3       java.util.concurrent.ScheduledThreadPoolExecutor::canRunInCurrentRunState (61 bytes)
Event: 10.267 Thread 0x000001b697045f70 nmethod 1392 0x000001b68029b410 code [0x000001b68029b620, 0x000001b68029be08]
Event: 12.180 Thread 0x000001b697045f70 1393       3       java.util.concurrent.locks.AbstractQueuedSynchronizer::signalNext (34 bytes)
Event: 12.180 Thread 0x000001b697045f70 nmethod 1393 0x000001b68029c010 code [0x000001b68029c1e0, 0x000001b68029c498]

GC Heap History (2 events):
Event: 1.786 GC heap before
{Heap before GC invocations=0 (full 0):
 garbage-first heap   total 120832K, used 28672K [0x000000008ac00000, 0x0000000100000000)
  region size 1024K, 23 young (23552K), 0 survivors (0K)
 Metaspace       used 11624K, committed 11776K, reserved 1114112K
  class space    used 1243K, committed 1280K, reserved 1048576K
}
Event: 1.793 GC heap after
{Heap after GC invocations=1 (full 0):
 garbage-first heap   total 120832K, used 9071K [0x000000008ac00000, 0x0000000100000000)
  region size 1024K, 3 young (3072K), 3 survivors (3072K)
 Metaspace       used 11624K, committed 11776K, reserved 1114112K
  class space    used 1243K, committed 1280K, reserved 1048576K
}

Dll operation events (2 events):
Event: 0.024 Loaded shared library C:\Program Files\Android\Android Studio\jbr\bin\java.dll
Event: 0.301 Loaded shared library C:\Program Files\Android\Android Studio\jbr\bin\verify.dll

Deoptimization events (20 events):
Event: 2.983 Thread 0x000001b69810a010 Uncommon trap: trap_request=0xffffff45 fr.pc=0x000001b687b2d96c relative=0x00000000000003cc
Event: 2.983 Thread 0x000001b69810a010 Uncommon trap: reason=unstable_if action=reinterpret pc=0x000001b687b2d96c method=java.lang.AbstractStringBuilder.isLatin1()Z @ 10 c2
Event: 2.983 Thread 0x000001b69810a010 DEOPT PACKING pc=0x000001b687b2d96c sp=0x000000601fefead0
Event: 2.983 Thread 0x000001b69810a010 DEOPT UNPACKING pc=0x000001b6875869a3 sp=0x000000601fefea50 mode 2
Event: 7.242 Thread 0x000001b6f88d49d0 Uncommon trap: trap_request=0xffffffc6 fr.pc=0x000001b687b45c10 relative=0x00000000000002d0
Event: 7.242 Thread 0x000001b6f88d49d0 Uncommon trap: reason=bimorphic_or_optimized_type_check action=maybe_recompile pc=0x000001b687b45c10 method=java.util.HashMap.getNode(Ljava/lang/Object;)Ljava/util/HashMap$Node; @ 128 c2
Event: 7.242 Thread 0x000001b6f88d49d0 DEOPT PACKING pc=0x000001b687b45c10 sp=0x000000601e5fabc0
Event: 7.242 Thread 0x000001b6f88d49d0 DEOPT UNPACKING pc=0x000001b6875869a3 sp=0x000000601e5fab38 mode 2
Event: 7.242 Thread 0x000001b6f88d49d0 Uncommon trap: trap_request=0xffffffc6 fr.pc=0x000001b687b45c10 relative=0x00000000000002d0
Event: 7.242 Thread 0x000001b6f88d49d0 Uncommon trap: reason=bimorphic_or_optimized_type_check action=maybe_recompile pc=0x000001b687b45c10 method=java.util.HashMap.getNode(Ljava/lang/Object;)Ljava/util/HashMap$Node; @ 128 c2
Event: 7.242 Thread 0x000001b6f88d49d0 DEOPT PACKING pc=0x000001b687b45c10 sp=0x000000601e5fabc0
Event: 7.242 Thread 0x000001b6f88d49d0 DEOPT UNPACKING pc=0x000001b6875869a3 sp=0x000000601e5fab38 mode 2
Event: 7.242 Thread 0x000001b6f88d49d0 Uncommon trap: trap_request=0xffffffc6 fr.pc=0x000001b687b45c10 relative=0x00000000000002d0
Event: 7.242 Thread 0x000001b6f88d49d0 Uncommon trap: reason=bimorphic_or_optimized_type_check action=maybe_recompile pc=0x000001b687b45c10 method=java.util.HashMap.getNode(Ljava/lang/Object;)Ljava/util/HashMap$Node; @ 128 c2
Event: 7.242 Thread 0x000001b6f88d49d0 DEOPT PACKING pc=0x000001b687b45c10 sp=0x000000601e5fabc0
Event: 7.242 Thread 0x000001b6f88d49d0 DEOPT UNPACKING pc=0x000001b6875869a3 sp=0x000000601e5fab38 mode 2
Event: 7.242 Thread 0x000001b6f88d49d0 Uncommon trap: trap_request=0xffffffc6 fr.pc=0x000001b687b45c10 relative=0x00000000000002d0
Event: 7.242 Thread 0x000001b6f88d49d0 Uncommon trap: reason=bimorphic_or_optimized_type_check action=maybe_recompile pc=0x000001b687b45c10 method=java.util.HashMap.getNode(Ljava/lang/Object;)Ljava/util/HashMap$Node; @ 128 c2
Event: 7.242 Thread 0x000001b6f88d49d0 DEOPT PACKING pc=0x000001b687b45c10 sp=0x000000601e5fabc0
Event: 7.242 Thread 0x000001b6f88d49d0 DEOPT UNPACKING pc=0x000001b6875869a3 sp=0x000000601e5fab38 mode 2

Classes unloaded (0 events):
No events

Classes redefined (0 events):
No events

Internal exceptions (20 events):
Event: 1.625 Thread 0x000001b6f88d49d0 Exception <a 'java/lang/NoClassDefFoundError'{0x0000000090d0a320}: org/slf4j/impl/StaticMarkerBinder> (0x0000000090d0a320) 
thrown [s\src\hotspot\share\classfile\systemDictionary.cpp, line 245]
Event: 1.660 Thread 0x000001b6f88d49d0 Exception <a 'java/lang/NoSuchMethodError'{0x0000000090da4e00}: 'java.lang.Object java.lang.invoke.DirectMethodHandle$Holder.invokeVirtual(java.lang.Object, java.lang.Object, java.lang.Object, java.lang.Object, java.lang.Object, java.lang.Object, java.lang.Object)'> (0x0000000090da4e00) 
thrown [s\src\hotspot\share\interpreter\linkResolver.cpp, line 771]
Event: 1.665 Thread 0x000001b6f88d49d0 Exception <a 'java/lang/NoSuchMethodError'{0x0000000090db5f00}: 'java.lang.Object java.lang.invoke.Invokers$Holder.invoker(java.lang.Object, java.lang.Object, java.lang.Object)'> (0x0000000090db5f00) 
thrown [s\src\hotspot\share\interpreter\linkResolver.cpp, line 771]
Event: 1.670 Thread 0x000001b6f88d49d0 Exception <a 'java/lang/NoSuchMethodError'{0x0000000090dbefa8}: 'java.lang.Object java.lang.invoke.DirectMethodHandle$Holder.invokeStatic(java.lang.Object, java.lang.Object, int)'> (0x0000000090dbefa8) 
thrown [s\src\hotspot\share\interpreter\linkResolver.cpp, line 771]
Event: 1.674 Thread 0x000001b6f88d49d0 Exception <a 'java/lang/NoSuchMethodError'{0x0000000090dcac98}: 'void java.lang.invoke.DelegatingMethodHandle$Holder.delegate(java.lang.Object, java.lang.Object, int, java.lang.Object)'> (0x0000000090dcac98) 
thrown [s\src\hotspot\share\interpreter\linkResolver.cpp, line 771]
Event: 1.675 Thread 0x000001b6f88d49d0 Exception <a 'java/lang/NoSuchMethodError'{0x0000000090dcede0}: 'int java.lang.invoke.DirectMethodHandle$Holder.invokeSpecial(java.lang.Object, java.lang.Object, java.lang.Object)'> (0x0000000090dcede0) 
thrown [s\src\hotspot\share\interpreter\linkResolver.cpp, line 771]
Event: 1.682 Thread 0x000001b6f88d49d0 Exception <a 'java/lang/NoSuchMethodError'{0x0000000090de1f98}: 'java.lang.Object java.lang.invoke.Invokers$Holder.invokeExact_MT(java.lang.Object, java.lang.Object, java.lang.Object, java.lang.Object)'> (0x0000000090de1f98) 
thrown [s\src\hotspot\share\interpreter\linkResolver.cpp, line 771]
Event: 1.904 Thread 0x000001b6f88d49d0 Exception <a 'java/lang/NoSuchMethodError'{0x0000000091fb6d70}: 'java.lang.Object java.lang.invoke.DirectMethodHandle$Holder.invokeInterface(java.lang.Object, java.lang.Object, java.lang.Object)'> (0x0000000091fb6d70) 
thrown [s\src\hotspot\share\interpreter\linkResolver.cpp, line 771]
Event: 1.937 Thread 0x000001b6f88d49d0 Implicit null exception at 0x000001b687b1c6ac to 0x000001b687b1cad4
Event: 1.937 Thread 0x000001b6f88d49d0 Implicit null exception at 0x000001b687b0bc31 to 0x000001b687b0c05c
Event: 1.988 Thread 0x000001b6f88d49d0 Exception <a 'java/lang/NoSuchMethodError'{0x0000000091d6da08}: 'java.lang.Object java.lang.invoke.DirectMethodHandle$Holder.invokeStaticInit(java.lang.Object)'> (0x0000000091d6da08) 
thrown [s\src\hotspot\share\interpreter\linkResolver.cpp, line 771]
Event: 2.219 Thread 0x000001b6f88d49d0 Exception <a 'java/lang/NoSuchMethodError'{0x0000000091951540}: 'java.lang.Object java.lang.invoke.DirectMethodHandle$Holder.invokeStaticInit(java.lang.Object, int, int, int, int)'> (0x0000000091951540) 
thrown [s\src\hotspot\share\interpreter\linkResolver.cpp, line 771]
Event: 2.303 Thread 0x000001b6f88d49d0 Exception <a 'java/lang/NoSuchMethodError'{0x00000000919c1148}: 'java.lang.Object java.lang.invoke.DirectMethodHandle$Holder.invokeStaticInit(java.lang.Object, java.lang.Object, int, int, int, int)'> (0x00000000919c1148) 
thrown [s\src\hotspot\share\interpreter\linkResolver.cpp, line 771]
Event: 2.514 Thread 0x000001b6f88d49d0 Exception <a 'java/lang/NoSuchMethodError'{0x00000000919ed8e8}: 'void java.lang.invoke.DirectMethodHandle$Holder.invokeStatic(java.lang.Object, java.lang.Object, java.lang.Object)'> (0x00000000919ed8e8) 
thrown [s\src\hotspot\share\interpreter\linkResolver.cpp, line 771]
Event: 2.924 Thread 0x000001b69810a010 Exception <a 'java/lang/NoSuchMethodError'{0x000000009110da00}: 'void java.lang.invoke.DirectMethodHandle$Holder.invokeStatic(java.lang.Object, long)'> (0x000000009110da00) 
thrown [s\src\hotspot\share\interpreter\linkResolver.cpp, line 771]
Event: 2.926 Thread 0x000001b69810a010 Exception <a 'java/lang/NoSuchMethodError'{0x0000000091113358}: 'java.lang.Object java.lang.invoke.DirectMethodHandle$Holder.newInvokeSpecial(java.lang.Object, long)'> (0x0000000091113358) 
thrown [s\src\hotspot\share\interpreter\linkResolver.cpp, line 771]
Event: 2.932 Thread 0x000001b69810a010 Exception <a 'java/lang/NoSuchMethodError'{0x000000009111e500}: 'java.lang.Object java.lang.invoke.DirectMethodHandle$Holder.invokeStaticInit(java.lang.Object, java.lang.Object, long, java.lang.Object)'> (0x000000009111e500) 
thrown [s\src\hotspot\share\interpreter\linkResolver.cpp, line 771]
Event: 2.934 Thread 0x000001b69810a010 Exception <a 'java/lang/NoSuchMethodError'{0x0000000091124bc0}: 'java.lang.Object java.lang.invoke.DirectMethodHandle$Holder.newInvokeSpecial(java.lang.Object, java.lang.Object, long)'> (0x0000000091124bc0) 
thrown [s\src\hotspot\share\interpreter\linkResolver.cpp, line 771]
Event: 2.935 Thread 0x000001b69810a010 Exception <a 'java/lang/NoSuchMethodError'{0x0000000091128eb0}: 'java.lang.Object java.lang.invoke.Invokers$Holder.linkToTargetMethod(java.lang.Object, long, java.lang.Object)'> (0x0000000091128eb0) 
thrown [s\src\hotspot\share\interpreter\linkResolver.cpp, line 771]
Event: 12.270 Thread 0x000001b6f88d49d0 Exception <a 'sun/net/ConnectionResetException'{0x0000000090fd16e8}: Connection reset> (0x0000000090fd16e8) 
thrown [s\src\hotspot\share\prims\jni.cpp, line 536]

VM Operations (20 events):
Event: 1.785 Executing VM operation: G1CollectForAllocation
Event: 1.793 Executing VM operation: G1CollectForAllocation done
Event: 2.241 Executing VM operation: HandshakeAllThreads
Event: 2.241 Executing VM operation: HandshakeAllThreads done
Event: 2.289 Executing VM operation: HandshakeAllThreads
Event: 2.289 Executing VM operation: HandshakeAllThreads done
Event: 2.563 Executing VM operation: HandshakeAllThreads
Event: 2.563 Executing VM operation: HandshakeAllThreads done
Event: 2.976 Executing VM operation: HandshakeAllThreads
Event: 2.976 Executing VM operation: HandshakeAllThreads done
Event: 2.976 Executing VM operation: Cleanup
Event: 2.976 Executing VM operation: Cleanup done
Event: 3.988 Executing VM operation: Cleanup
Event: 3.988 Executing VM operation: Cleanup done
Event: 6.995 Executing VM operation: Cleanup
Event: 6.995 Executing VM operation: Cleanup done
Event: 7.251 Executing VM operation: HandshakeAllThreads
Event: 7.251 Executing VM operation: HandshakeAllThreads done
Event: 8.264 Executing VM operation: Cleanup
Event: 8.264 Executing VM operation: Cleanup done

Events (20 events):
Event: 7.301 loading class sun/nio/ch/SelectionKeyImpl
Event: 7.302 loading class java/nio/channels/spi/AbstractSelectionKey
Event: 7.302 loading class java/nio/channels/SelectionKey
Event: 7.302 loading class java/nio/channels/SelectionKey done
Event: 7.302 loading class java/nio/channels/spi/AbstractSelectionKey done
Event: 7.302 loading class sun/nio/ch/SelectionKeyImpl done
Event: 7.302 loading class java/lang/invoke/ConstantBootstraps
Event: 7.303 loading class java/lang/invoke/ConstantBootstraps done
Event: 7.312 loading class java/lang/Long$LongCache
Event: 7.312 loading class java/lang/Long$LongCache done
Event: 7.315 loading class java/nio/channels/spi/AbstractSelector$1
Event: 7.315 loading class java/nio/channels/spi/AbstractSelector$1 done
Event: 7.369 Thread 0x000001b697ce74d0 Thread added: 0x000001b697ce74d0
Event: 7.370 loading class java/nio/channels/AsynchronousCloseException
Event: 7.370 loading class java/nio/channels/ClosedChannelException
Event: 7.370 loading class java/nio/channels/ClosedChannelException done
Event: 7.370 loading class java/nio/channels/AsynchronousCloseException done
Event: 7.371 Thread 0x000001b697bf7530 Thread added: 0x000001b697bf7530
Event: 12.269 loading class sun/net/ConnectionResetException
Event: 12.269 loading class sun/net/ConnectionResetException done


Dynamic libraries:
0x00007ff783fd0000 - 0x00007ff783fda000 	C:\Program Files\Android\Android Studio\jbr\bin\java.exe
0x00007fffc1fb0000 - 0x00007fffc21c7000 	C:\WINDOWS\SYSTEM32\ntdll.dll
0x00007fffbfce0000 - 0x00007fffbfda4000 	C:\WINDOWS\System32\KERNEL32.DLL
0x00007fffbf7f0000 - 0x00007fffbfb9d000 	C:\WINDOWS\System32\KERNELBASE.dll
0x00007fffb9580000 - 0x00007fffb9617000 	C:\WINDOWS\SYSTEM32\apphelp.dll
0x00007fffbf300000 - 0x00007fffbf411000 	C:\WINDOWS\System32\ucrtbase.dll
0x00007fff7d990000 - 0x00007fff7d9a7000 	C:\Program Files\Android\Android Studio\jbr\bin\jli.dll
0x00007fffc1810000 - 0x00007fffc19be000 	C:\WINDOWS\System32\USER32.dll
0x00007fffbf2d0000 - 0x00007fffbf2f6000 	C:\WINDOWS\System32\win32u.dll
0x00007fffc0620000 - 0x00007fffc0649000 	C:\WINDOWS\System32\GDI32.dll
0x00007fffbf6d0000 - 0x00007fffbf7e9000 	C:\WINDOWS\System32\gdi32full.dll
0x00007fffbfc40000 - 0x00007fffbfcda000 	C:\WINDOWS\System32\msvcp_win.dll
0x00007fff7d850000 - 0x00007fff7d86b000 	C:\Program Files\Android\Android Studio\jbr\bin\VCRUNTIME140.dll
0x00007fffa9e30000 - 0x00007fffaa0c3000 	C:\WINDOWS\WinSxS\amd64_microsoft.windows.common-controls_6595b64144ccf1df_6.0.22621.3672_none_2713b9d173822955\COMCTL32.dll
0x00007fffc1b20000 - 0x00007fffc1bc7000 	C:\WINDOWS\System32\msvcrt.dll
0x00007fffc14b0000 - 0x00007fffc14e1000 	C:\WINDOWS\System32\IMM32.DLL
0x00007fffb7410000 - 0x00007fffb741c000 	C:\Program Files\Android\Android Studio\jbr\bin\vcruntime140_1.dll
0x00007fff7b280000 - 0x00007fff7b30d000 	C:\Program Files\Android\Android Studio\jbr\bin\msvcp140.dll
0x00007fff4c040000 - 0x00007fff4ccc0000 	C:\Program Files\Android\Android Studio\jbr\bin\server\jvm.dll
0x00007fffc1c20000 - 0x00007fffc1cd2000 	C:\WINDOWS\System32\ADVAPI32.dll
0x00007fffc0490000 - 0x00007fffc0539000 	C:\WINDOWS\System32\sechost.dll
0x00007fffbfc10000 - 0x00007fffbfc38000 	C:\WINDOWS\System32\bcrypt.dll
0x00007fffc0650000 - 0x00007fffc0764000 	C:\WINDOWS\System32\RPCRT4.dll
0x00007fffa7fa0000 - 0x00007fffa7fa9000 	C:\WINDOWS\SYSTEM32\WSOCK32.dll
0x00007fffc1000000 - 0x00007fffc1071000 	C:\WINDOWS\System32\WS2_32.dll
0x00007fffbacd0000 - 0x00007fffbad04000 	C:\WINDOWS\SYSTEM32\WINMM.dll
0x00007fffb6e30000 - 0x00007fffb6e3a000 	C:\WINDOWS\SYSTEM32\VERSION.dll
0x00007fffbe320000 - 0x00007fffbe338000 	C:\WINDOWS\SYSTEM32\kernel.appcore.dll
0x00007fffa9d10000 - 0x00007fffa9d1a000 	C:\Program Files\Android\Android Studio\jbr\bin\jimage.dll
0x00007fffb9b20000 - 0x00007fffb9d52000 	C:\WINDOWS\SYSTEM32\DBGHELP.DLL
0x00007fffc1080000 - 0x00007fffc140e000 	C:\WINDOWS\System32\combase.dll
0x00007fffc0540000 - 0x00007fffc0617000 	C:\WINDOWS\System32\OLEAUT32.dll
0x00007fffa3300000 - 0x00007fffa3332000 	C:\WINDOWS\SYSTEM32\dbgcore.DLL
0x00007fffbf420000 - 0x00007fffbf49b000 	C:\WINDOWS\System32\bcryptPrimitives.dll
0x00007fff7d540000 - 0x00007fff7d565000 	C:\Program Files\Android\Android Studio\jbr\bin\java.dll
0x00007fff7d520000 - 0x00007fff7d538000 	C:\Program Files\Android\Android Studio\jbr\bin\zip.dll
0x00007fffc0770000 - 0x00007fffc0fd7000 	C:\WINDOWS\System32\SHELL32.dll
0x00007fffbd250000 - 0x00007fffbdb4f000 	C:\WINDOWS\SYSTEM32\windows.storage.dll
0x00007fffbd110000 - 0x00007fffbd24f000 	C:\WINDOWS\SYSTEM32\wintypes.dll
0x00007fffc14f0000 - 0x00007fffc15e9000 	C:\WINDOWS\System32\SHCORE.dll
0x00007fffc1410000 - 0x00007fffc146e000 	C:\WINDOWS\System32\shlwapi.dll
0x00007fffbf200000 - 0x00007fffbf227000 	C:\WINDOWS\SYSTEM32\profapi.dll
0x00007fff7b260000 - 0x00007fff7b279000 	C:\Program Files\Android\Android Studio\jbr\bin\net.dll
0x00007fffbbc30000 - 0x00007fffbbd66000 	C:\WINDOWS\SYSTEM32\WINHTTP.dll
0x00007fffbe790000 - 0x00007fffbe7f9000 	C:\WINDOWS\system32\mswsock.dll
0x00007fff7b240000 - 0x00007fff7b256000 	C:\Program Files\Android\Android Studio\jbr\bin\nio.dll
0x00007fff7f510000 - 0x00007fff7f520000 	C:\Program Files\Android\Android Studio\jbr\bin\verify.dll
0x00007fff7f290000 - 0x00007fff7f2b7000 	C:\Users\edeni\.gradle\native\e1d6ef7f7dcc3fd88c89a11ec53ec762bb8ba0a96d01ffa2cd45eb1d1d8dd5c5\windows-amd64\native-platform.dll
0x00007fff7f310000 - 0x00007fff7f319000 	C:\Program Files\Android\Android Studio\jbr\bin\management.dll
0x00007fff7b230000 - 0x00007fff7b23b000 	C:\Program Files\Android\Android Studio\jbr\bin\management_ext.dll
0x00007fffc0fe0000 - 0x00007fffc0fe8000 	C:\WINDOWS\System32\PSAPI.DLL
0x00007fffbe9e0000 - 0x00007fffbe9fb000 	C:\WINDOWS\SYSTEM32\CRYPTSP.dll
0x00007fffbe280000 - 0x00007fffbe2b5000 	C:\WINDOWS\system32\rsaenh.dll
0x00007fffbe880000 - 0x00007fffbe8a8000 	C:\WINDOWS\SYSTEM32\USERENV.dll
0x00007fffbea00000 - 0x00007fffbea0c000 	C:\WINDOWS\SYSTEM32\CRYPTBASE.dll
0x00007fffbddb0000 - 0x00007fffbdddd000 	C:\WINDOWS\SYSTEM32\IPHLPAPI.DLL
0x00007fffc1470000 - 0x00007fffc1479000 	C:\WINDOWS\System32\NSI.dll
0x00007fffbbad0000 - 0x00007fffbbae9000 	C:\WINDOWS\SYSTEM32\dhcpcsvc6.DLL
0x00007fffbb9c0000 - 0x00007fffbb9df000 	C:\WINDOWS\SYSTEM32\dhcpcsvc.DLL
0x00007fffbdde0000 - 0x00007fffbded8000 	C:\WINDOWS\SYSTEM32\DNSAPI.dll
0x00007fff8ed30000 - 0x00007fff8ed38000 	C:\WINDOWS\system32\wshunix.dll

dbghelp: loaded successfully - version: 4.0.5 - missing functions: none
symbol engine: initialized successfully - sym options: 0x614 - pdb path: .;C:\Program Files\Android\Android Studio\jbr\bin;C:\WINDOWS\SYSTEM32;C:\WINDOWS\WinSxS\amd64_microsoft.windows.common-controls_6595b64144ccf1df_6.0.22621.3672_none_2713b9d173822955;C:\Program Files\Android\Android Studio\jbr\bin\server;C:\Users\edeni\.gradle\native\e1d6ef7f7dcc3fd88c89a11ec53ec762bb8ba0a96d01ffa2cd45eb1d1d8dd5c5\windows-amd64

VM Arguments:
jvm_args: -Dorg.gradle.appname=gradlew 
java_command: org.gradle.wrapper.GradleWrapperMain -q -Ptarget-platform=android-arm64 -Ptarget=E:\SERVER\envymusic\envymusic\lib\main.dart -Pbase-application-name=android.app.Application -Pdart-defines=RkxVVFRFUl9XRUJfQVVUT19ERVRFQ1Q9dHJ1ZQ==,RkxVVFRFUl9XRUJfQ0FOVkFTS0lUX1VSTD1odHRwczovL3d3dy5nc3RhdGljLmNvbS9mbHV0dGVyLWNhbnZhc2tpdC8zZjNlNTYwMjM2NTM5YjdlMjcwMmY1YWM3OTBiMmE0NjkxYjMyZDQ5Lw== -Pdart-obfuscation=false -Ptrack-widget-creation=true -Ptree-shake-icons=false -Pfilesystem-scheme=org-dartlang-root assembleDebug
java_class_path (initial): E:\SERVER\envymusic\envymusic\android\\gradle\wrapper\gradle-wrapper.jar
Launcher Type: SUN_STANDARD

[Global flags]
     intx CICompilerCount                          = 4                                         {product} {ergonomic}
     uint ConcGCThreads                            = 2                                         {product} {ergonomic}
     uint G1ConcRefinementThreads                  = 8                                         {product} {ergonomic}
   size_t G1HeapRegionSize                         = 1048576                                   {product} {ergonomic}
    uintx GCDrainStackTargetSize                   = 64                                        {product} {ergonomic}
   size_t InitialHeapSize                          = 123731968                                 {product} {ergonomic}
   size_t MarkStackSize                            = 4194304                                   {product} {ergonomic}
   size_t MaxHeapSize                              = 1967128576                                {product} {ergonomic}
   size_t MaxNewSize                               = 1179648000                                {product} {ergonomic}
   size_t MinHeapDeltaBytes                        = 1048576                                   {product} {ergonomic}
   size_t MinHeapSize                              = 8388608                                   {product} {ergonomic}
    uintx NonNMethodCodeHeapSize                   = 5839372                                {pd product} {ergonomic}
    uintx NonProfiledCodeHeapSize                  = 122909434                              {pd product} {ergonomic}
    uintx ProfiledCodeHeapSize                     = 122909434                              {pd product} {ergonomic}
    uintx ReservedCodeCacheSize                    = 251658240                              {pd product} {ergonomic}
     bool SegmentedCodeCache                       = true                                      {product} {ergonomic}
   size_t SoftMaxHeapSize                          = 1967128576                             {manageable} {ergonomic}
     bool UseCompressedClassPointers               = true                           {product lp64_product} {ergonomic}
     bool UseCompressedOops                        = true                           {product lp64_product} {ergonomic}
     bool UseG1GC                                  = true                                      {product} {ergonomic}
     bool UseLargePagesIndividualAllocation        = false                                  {pd product} {ergonomic}

Logging:
Log output configuration:
 #0: stdout all=warning uptime,level,tags
 #1: stderr all=off uptime,level,tags

Environment Variables:
JAVA_HOME=C:\Program Files\Android\Android Studio\jbr
CLASSPATH=E:\SERVER\envymusic\envymusic\android\\gradle\wrapper\gradle-wrapper.jar
PATH=C:\Program Files\Android\Android Studio\jbr\bin;C:\Program Files\nodejs\;%SystemRoot%\system32;%SystemRoot%;%SystemRoot%\System32\Wbem;%SYSTEMROOT%\System32\WindowsPowerShell\v1.0\;%SYSTEMROOT%\System32\OpenSSH\;C:\Users\edeni\AppData\Local\Programs\Python\Python312\Scripts\;C:\Users\edeni\AppData\Local\Programs\Python\Python312\;C:\Users\edeni\AppData\Local\Microsoft\WindowsApps;C:\Users\edeni\AppData\Local\Programs\Microsoft VS Code\bin;C:\src\flutter\bin;C:\Users\edeni\AppData\Local\Android\Sdk\platform-tools;C:\Users\edeni\AppData\Roaming\npm;C:\Program Files\nodejs\node_modules\npm;C:\Users\edeni\AppData\Local\Pub\Cache\bin;C:\Program Files\Git\cmd;C:\Program Files\Java\jdk-20\bin;C:\Windows\System32;;C:\Program Files\JetBrains\PyCharm Community Edition 2023.3.5\bin;;C:\src\flutter\bin\mingit\cmd;C:\src\flutter\bin\mingit\cmd
USERNAME=edeni
OS=Windows_NT
PROCESSOR_IDENTIFIER=AMD64 Family 23 Model 104 Stepping 1, AuthenticAMD
TMP=C:\Users\edeni\AppData\Local\Temp
TEMP=C:\Users\edeni\AppData\Local\Temp


JNI global refs:
JNI global refs: 19, weak refs: 0

JNI global refs memory usage: 843, weak refs: 209

OOME stack traces (most recent first):
Classloader memory used:
Loader bootstrap                                                                       : 1647K
Loader org.gradle.internal.classloader.VisitableURLClassLoader                         : 516K
Loader java.net.URLClassLoader                                                         : 27473B
Loader jdk.internal.loader.ClassLoaders$AppClassLoader                                 : 18431B
Loader jdk.internal.loader.ClassLoaders$PlatformClassLoader                            : 16097B

Classes loaded by more than one classloader:
Class org.gradle.internal.installation.GradleInstallation                             : loaded 2 times (x 73B)
Class org.gradle.cli.ParsedCommandLine                                                : loaded 2 times (x 78B)
Class org.gradle.internal.classpath.ClassPath                                         : loaded 2 times (x 68B)
Class org.gradle.api.internal.classpath.DefaultModuleRegistry                         : loaded 2 times (x 84B)
Class org.gradle.api.Action                                                           : loaded 2 times (x 68B)
Class org.gradle.cli.CommandLineParser$OptionString                                   : loaded 2 times (x 71B)
Class org.gradle.internal.installation.GradleInstallation$1                           : loaded 2 times (x 73B)
Class org.gradle.cli.CommandLineParser$AfterOptions                                   : loaded 2 times (x 75B)
Class org.gradle.cli.CommandLineParser$AfterFirstSubCommand                           : loaded 2 times (x 75B)
Class org.gradle.internal.classloader.ClassLoaderVisitor                              : loaded 2 times (x 74B)
Class org.gradle.internal.service.UnknownServiceException                             : loaded 2 times (x 81B)
Class org.gradle.api.GradleException                                                  : loaded 2 times (x 80B)
Class org.gradle.api.internal.classpath.ModuleRegistry                                : loaded 2 times (x 68B)
Class org.gradle.api.JavaVersion                                                      : loaded 2 times (x 77B)
Class org.gradle.cli.CommandLineParser$KnownOptionParserState                         : loaded 2 times (x 74B)
Class org.gradle.internal.classloader.ClasspathUtil$1                                 : loaded 2 times (x 74B)
Class org.gradle.cli.AbstractPropertiesCommandLineConverter                           : loaded 2 times (x 81B)
Class org.gradle.api.internal.classpath.ManifestUtil                                  : loaded 2 times (x 69B)
Class org.gradle.api.specs.Spec                                                       : loaded 2 times (x 68B)
Class org.gradle.cli.SystemPropertiesCommandLineConverter                             : loaded 2 times (x 81B)
Class org.gradle.internal.IoActions                                                   : loaded 2 times (x 69B)
Class org.gradle.api.internal.classpath.EffectiveClassPath                            : loaded 2 times (x 88B)
Class org.gradle.internal.installation.CurrentGradleInstallation                      : loaded 2 times (x 71B)
Class org.gradle.internal.installation.CurrentGradleInstallationLocator               : loaded 2 times (x 69B)
Class org.gradle.api.internal.classpath.Module                                        : loaded 2 times (x 68B)
Class org.gradle.internal.classpath.DefaultClassPath                                  : loaded 2 times (x 88B)
Class org.gradle.api.Transformer                                                      : loaded 2 times (x 68B)
Class org.gradle.cli.CommandLineParser                                                : loaded 2 times (x 77B)
Class [Lorg.gradle.api.JavaVersion;                                                   : loaded 2 times (x 67B)
Class org.gradle.cli.CommandLineParser$BeforeFirstSubCommand                          : loaded 2 times (x 75B)
Class org.gradle.internal.classloader.SystemClassLoaderSpec                           : loaded 2 times (x 69B)
Class org.gradle.cli.CommandLineOption                                                : loaded 2 times (x 84B)
Class org.gradle.cli.CommandLineParser$ParserState                                    : loaded 2 times (x 74B)
Class org.gradle.cli.CommandLineParser$MissingOptionArgState                          : loaded 2 times (x 75B)
Class org.gradle.api.UncheckedIOException                                             : loaded 2 times (x 80B)
Class org.gradle.cli.ParsedCommandLineOption                                          : loaded 2 times (x 74B)
Class org.gradle.internal.classloader.ClasspathUtil                                   : loaded 2 times (x 69B)
Class org.gradle.api.internal.classpath.DefaultModuleRegistry$DefaultModule           : loaded 2 times (x 84B)
Class org.gradle.cli.CommandLineParser$UnknownOptionParserState                       : loaded 2 times (x 74B)
Class org.gradle.api.internal.classpath.UnknownModuleException                        : loaded 2 times (x 80B)
Class org.gradle.internal.service.ServiceLookupException                              : loaded 2 times (x 80B)
Class org.gradle.cache.GlobalCache                                                    : loaded 2 times (x 68B)
Class org.gradle.util.internal.GUtil                                                  : loaded 2 times (x 69B)
Class org.gradle.internal.classloader.ClassLoaderSpec                                 : loaded 2 times (x 69B)
Class org.gradle.cli.CommandLineParser$OptionAwareParserState                         : loaded 2 times (x 75B)
Class org.gradle.cli.CommandLineParser$OptionParserState                              : loaded 2 times (x 73B)
Class org.gradle.internal.Cast                                                        : loaded 2 times (x 69B)
Class org.gradle.internal.classloader.ClassLoaderHierarchy                            : loaded 2 times (x 68B)
Class org.gradle.cli.CommandLineConverter                                             : loaded 2 times (x 68B)
Class org.gradle.internal.classpath.DefaultClassPath$ImmutableUniqueList              : loaded 2 times (x 159B)
Class org.gradle.cli.AbstractCommandLineConverter                                     : loaded 2 times (x 77B)
Class org.gradle.cli.CommandLineArgumentException                                     : loaded 2 times (x 80B)


---------------  S Y S T E M  ---------------

OS:
 Windows 11 , 64 bit Build 22621 (10.0.22621.3958)
OS uptime: 0 days 10:58 hours

CPU: total 8 (initial active 8) (8 cores per cpu, 2 threads per core) family 23 model 104 stepping 1 microcode 0x0, cx8, cmov, fxsr, ht, mmx, 3dnowpref, sse, sse2, sse3, ssse3, sse4a, sse4.1, sse4.2, popcnt, lzcnt, tsc, tscinvbit, avx, avx2, aes, clmul, bmi1, bmi2, adx, sha, fma, vzeroupper, clflush, clflushopt

Memory: 4k page, system-wide physical 7502M (545M free)
TotalPageFile size 11598M (AvailPageFile size 239M)
current process WorkingSet (physical memory assigned to process): 96M, peak: 98M
current process commit charge ("private bytes"): 218M, peak: 222M

vm_info: OpenJDK 64-Bit Server VM (17.0.7+0-b2043.56-10550314) for windows-amd64 JRE (17.0.7+0-b2043.56-10550314), built on Jul 24 2023 18:27:45 by "androidbuild" with MS VC++ 16.10 / 16.11 (VS2019)

END.
